<?xml version="1.0"?>
<testsuites>
  <testsuite name="PF" file="pf.bru" errors="0" failures="0" skipped="0" tests="6" timestamp="2026-09-22T11:28:20.729" hostname="f59b91fd1f30" time="2.331">
    <testcase name="res.status eq 200" status="pass" classname="pf" time="0.389"/>
    <testcase name="res.body.itens isArray" status="pass" classname="pf" time="0.389"/>
    <testcase name="res.body.id_nota_fiscal isDefined" status="pass" classname="pf" time="0.389"/>
    <testcase name="responde um unico item do pedido" status="pass" classname="pf" time="0.389"/>
    <testcase name="PF abaixo de 500 tem tributo zero" status="pass" classname="pf" time="0.389"/>
    <testcase name="frete Sudeste aplica fator 1.048" status="pass" classname="pf" time="0.389"/>
  </testsuite>
  <testsuite name="PF segunda chamada" file="pf-segunda-chamada.bru" errors="0" failures="0" skipped="0" tests="5" timestamp="2026-09-22T11:28:20.729" hostname="f59b91fd1f30" time="0.750">
    <testcase name="res.status eq 200" status="pass" classname="pf-segunda-chamada" time="0.150"/>
    <testcase name="res.body.itens isArray" status="pass" classname="pf-segunda-chamada" time="0.150"/>
    <testcase name="res.body.id_nota_fiscal isDefined" status="pass" classname="pf-segunda-chamada" time="0.150"/>
    <testcase name="segunda chamada nao acumula itens da primeira" status="pass" classname="pf-segunda-chamada" time="0.150"/>
    <testcase name="tributo continua zero" status="pass" classname="pf-segunda-chamada" time="0.150"/>
  </testsuite>
  <testsuite name="PJ Simples Nacional" file="pj-simples.bru" errors="0" failures="0" skipped="0" tests="6" timestamp="2026-09-22T11:28:20.730" hostname="f59b91fd1f30" time="0.756">
    <testcase name="res.status eq 200" status="pass" classname="pj-simples" time="0.126"/>
    <testcase name="res.body.itens isArray" status="pass" classname="pj-simples" time="0.126"/>
    <testcase name="res.body.id_nota_fiscal isDefined" status="pass" classname="pj-simples" time="0.126"/>
    <testcase name="responde apenas o item deste pedido" status="pass" classname="pj-simples" time="0.126"/>
    <testcase name="Simples Nacional acima de 5000 usa aliquota 19%" status="pass" classname="pj-simples" time="0.126"/>
    <testcase name="frete Sudeste aplica fator 1.048" status="pass" classname="pj-simples" time="0.126"/>
  </testsuite>
  <testsuite name="Pedido com 6 itens" file="pedido-6-itens.bru" errors="0" failures="0" skipped="0" tests="6" timestamp="2026-09-22T11:28:20.730" hostname="f59b91fd1f30" time="0.744">
    <testcase name="res.status eq 200" status="pass" classname="pedido-6-itens" time="0.124"/>
    <testcase name="res.body.itens isArray" status="pass" classname="pedido-6-itens" time="0.124"/>
    <testcase name="res.body.id_nota_fiscal isDefined" status="pass" classname="pedido-6-itens" time="0.124"/>
    <testcase name="responde exatamente 6 itens" status="pass" classname="pedido-6-itens" time="0.124"/>
    <testcase name="PF entre 500 e 2000 usa aliquota 12% na linha" status="pass" classname="pedido-6-itens" time="0.124"/>
    <testcase name="frete Sudeste aplica fator 1.048" status="pass" classname="pedido-6-itens" time="0.124"/>
  </testsuite>
  <testsuite name="Total divergente das linhas" file="total-divergente.bru" errors="0" failures="0" skipped="0" tests="2" timestamp="2026-09-22T11:28:20.730" hostname="f59b91fd1f30" time="0.252">
    <testcase name="res.status eq 422" status="pass" classname="total-divergente" time="0.126"/>
    <testcase name="rejeita valor_total_itens que nao fecha com as linhas" status="pass" classname="total-divergente" time="0.126"/>
  </testsuite>
</testsuites>