<?xml version="1.0"?>
<testsuites>
  <testsuite name="PF" file="pf.bru" errors="0" failures="0" skipped="0" tests="6" timestamp="2026-09-20T21:09:36.222" hostname="1b9d0e1cd542" time="2.566">
    <testcase name="res.status eq 200" status="pass" classname="pf" time="0.428"/>
    <testcase name="res.body.itens isArray" status="pass" classname="pf" time="0.428"/>
    <testcase name="res.body.id_nota_fiscal isDefined" status="pass" classname="pf" time="0.428"/>
    <testcase name="responde um unico item do pedido" status="pass" classname="pf" time="0.428"/>
    <testcase name="PF abaixo de 500 tem tributo zero" status="pass" classname="pf" time="0.428"/>
    <testcase name="frete Sudeste aplica fator 1.048" status="pass" classname="pf" time="0.428"/>
  </testsuite>
  <testsuite name="PF segunda chamada" file="pf-segunda-chamada.bru" errors="0" failures="1" skipped="0" tests="5" timestamp="2026-09-20T21:09:36.222" hostname="1b9d0e1cd542" time="1.732">
    <testcase name="res.status eq 200" status="pass" classname="pf-segunda-chamada" time="0.346"/>
    <testcase name="res.body.itens isArray" status="pass" classname="pf-segunda-chamada" time="0.346"/>
    <testcase name="res.body.id_nota_fiscal isDefined" status="pass" classname="pf-segunda-chamada" time="0.346"/>
    <testcase name="segunda chamada nao acumula itens da primeira" status="fail" classname="pf-segunda-chamada" time="0.346">
      <failure type="failure" message="expected [ { id_item: '1', …(4) }, …(1) ] to have a length of 1 but got 2"/>
    </testcase>
    <testcase name="tributo continua zero" status="pass" classname="pf-segunda-chamada" time="0.346"/>
  </testsuite>
  <testsuite name="PJ Simples Nacional" file="pj-simples.bru" errors="0" failures="2" skipped="0" tests="6" timestamp="2026-09-20T21:09:36.222" hostname="1b9d0e1cd542" time="1.729">
    <testcase name="res.status eq 200" status="pass" classname="pj-simples" time="0.288"/>
    <testcase name="res.body.itens isArray" status="pass" classname="pj-simples" time="0.288"/>
    <testcase name="res.body.id_nota_fiscal isDefined" status="pass" classname="pj-simples" time="0.288"/>
    <testcase name="responde apenas o item deste pedido" status="fail" classname="pj-simples" time="0.288">
      <failure type="failure" message="expected [ { id_item: '1', …(4) }, …(2) ] to have a length of 1 but got 3"/>
    </testcase>
    <testcase name="Simples Nacional acima de 5000 usa aliquota 19%" status="fail" classname="pj-simples" time="0.288">
      <failure type="failure" message="expected +0 to be close to 138.7 +/- 0.001"/>
    </testcase>
    <testcase name="frete Sudeste aplica fator 1.048" status="pass" classname="pj-simples" time="0.288"/>
  </testsuite>
  <testsuite name="Pedido com 6 itens" file="pedido-6-itens.bru" errors="0" failures="2" skipped="0" tests="6" timestamp="2026-09-20T21:09:36.223" hostname="1b9d0e1cd542" time="6.718">
    <testcase name="res.status eq 200" status="pass" classname="pedido-6-itens" time="1.120"/>
    <testcase name="res.body.itens isArray" status="pass" classname="pedido-6-itens" time="1.120"/>
    <testcase name="res.body.id_nota_fiscal isDefined" status="pass" classname="pedido-6-itens" time="1.120"/>
    <testcase name="responde exatamente 6 itens" status="fail" classname="pedido-6-itens" time="1.120">
      <failure type="failure" message="expected [ { id_item: '1', …(4) }, …(8) ] to have a length of 6 but got 9"/>
    </testcase>
    <testcase name="PF entre 500 e 2000 usa aliquota 12% no unitario" status="fail" classname="pedido-6-itens" time="1.120">
      <failure type="failure" message="expected +0 to be close to 12 +/- 0.001"/>
    </testcase>
    <testcase name="frete Sudeste aplica fator 1.048" status="pass" classname="pedido-6-itens" time="1.120"/>
  </testsuite>
</testsuites>